# JRE version: OpenJDK Runtime Environment (17.0.2+8) (build 17.0.2+8-86)
# Java VM: OpenJDK 64-Bit Server VM (17.0.2+8-86, mixed mode, sharing, tiered, compressed oops, compressed class ptrs, g1 gc, windows-amd64)
GC Precious Log:
 CPUs: 8 total, 8 available
 Memory: 20360M
 Large Page Support: Disabled
 NUMA Support: Disabled
 Compressed Oops: Enabled (Zero based)
 Heap Region Size: 4M
 Heap Min Capacity: 8M
 Heap Initial Capacity: 320M
 Heap Max Capacity: 5092M
 Pre-touch: Disabled
 Parallel Workers: 8
 Concurrent Workers: 2
 Concurrent Refinement Workers: 8
 Periodic GC: Disabled
Heap:
 garbage-first heap   total 139264K, used 70103K [0x00000006c1c00000, 0x0000000800000000)
  region size 4096K, 5 young (20480K), 1 survivors (4096K)
 Metaspace       used 77559K, committed 78144K, reserved 1122304K
  class space    used 9838K, committed 10112K, reserved 1048576K
GC Heap History (20 events):
Event: 2572.040 GC heap before
{Heap before GC invocations=109 (full 0):
 garbage-first heap   total 139264K, used 111078K [0x00000006c1c00000, 0x0000000800000000)
  region size 4096K, 14 young (57344K), 1 survivors (4096K)
 Metaspace       used 76675K, committed 77248K, reserved 1122304K
  class space    used 9746K, committed 10048K, reserved 1048576K
}
Event: 2572.041 GC heap after
{Heap after GC invocations=110 (full 0):
 garbage-first heap   total 139264K, used 57545K [0x00000006c1c00000, 0x0000000800000000)
  region size 4096K, 1 young (4096K), 1 survivors (4096K)
 Metaspace       used 76675K, committed 77248K, reserved 1122304K
  class space    used 9746K, committed 10048K, reserved 1048576K
}
Event: 2600.808 GC heap before
{Heap before GC invocations=110 (full 0):
 garbage-first heap   total 139264K, used 110793K [0x00000006c1c00000, 0x0000000800000000)
  region size 4096K, 14 young (57344K), 1 survivors (4096K)
 Metaspace       used 76677K, committed 77248K, reserved 1122304K
  class space    used 9746K, committed 10048K, reserved 1048576K
}
Event: 2600.809 GC heap after
{Heap after GC invocations=111 (full 0):
 garbage-first heap   total 139264K, used 57833K [0x00000006c1c00000, 0x0000000800000000)
  region size 4096K, 1 young (4096K), 1 survivors (4096K)
 Metaspace       used 76677K, committed 77248K, reserved 1122304K
  class space    used 9746K, committed 10048K, reserved 1048576K
}
Event: 2629.301 GC heap before
{Heap before GC invocations=111 (full 0):
 garbage-first heap   total 139264K, used 111081K [0x00000006c1c00000, 0x0000000800000000)
  region size 4096K, 14 young (57344K), 1 survivors (4096K)
 Metaspace       used 76677K, committed 77248K, reserved 1122304K
  class space    used 9746K, committed 10048K, reserved 1048576K
}
Event: 2629.303 GC heap after
{Heap after GC invocations=112 (full 0):
 garbage-first heap   total 139264K, used 57916K [0x00000006c1c00000, 0x0000000800000000)
  region size 4096K, 1 young (4096K), 1 survivors (4096K)
 Metaspace       used 76677K, committed 77248K, reserved 1122304K
  class space    used 9746K, committed 10048K, reserved 1048576K
}
Event: 2652.541 GC heap before
{Heap before GC invocations=112 (full 0):
 garbage-first heap   total 139264K, used 111164K [0x00000006c1c00000, 0x0000000800000000)
  region size 4096K, 14 young (57344K), 1 survivors (4096K)
 Metaspace       used 76730K, committed 77312K, reserved 1122304K
  class space    used 9747K, committed 10048K, reserved 1048576K
}
Event: 2652.542 GC heap after
{Heap after GC invocations=113 (full 0):
 garbage-first heap   total 139264K, used 57913K [0x00000006c1c00000, 0x0000000800000000)
  region size 4096K, 1 young (4096K), 1 survivors (4096K)
 Metaspace       used 76730K, committed 77312K, reserved 1122304K
  class space    used 9747K, committed 10048K, reserved 1048576K
}
Event: 2676.882 GC heap before
{Heap before GC invocations=113 (full 0):
 garbage-first heap   total 139264K, used 111161K [0x00000006c1c00000, 0x0000000800000000)
  region size 4096K, 14 young (57344K), 1 survivors (4096K)
 Metaspace       used 76740K, committed 77312K, reserved 1122304K
  class space    used 9747K, committed 10048K, reserved 1048576K
}
Event: 2676.884 GC heap after
{Heap after GC invocations=114 (full 0):
 garbage-first heap   total 139264K, used 57588K [0x00000006c1c00000, 0x0000000800000000)
  region size 4096K, 1 young (4096K), 1 survivors (4096K)
 Metaspace       used 76740K, committed 77312K, reserved 1122304K
  class space    used 9747K, committed 10048K, reserved 1048576K
}
Event: 2702.620 GC heap before
{Heap before GC invocations=114 (full 0):
 garbage-first heap   total 139264K, used 110836K [0x00000006c1c00000, 0x0000000800000000)
  region size 4096K, 14 young (57344K), 1 survivors (4096K)
 Metaspace       used 76761K, committed 77312K, reserved 1122304K
  class space    used 9747K, committed 10048K, reserved 1048576K
}
Event: 2702.621 GC heap after
{Heap after GC invocations=115 (full 0):
 garbage-first heap   total 139264K, used 57917K [0x00000006c1c00000, 0x0000000800000000)
  region size 4096K, 1 young (4096K), 1 survivors (4096K)
 Metaspace       used 76761K, committed 77312K, reserved 1122304K
  class space    used 9747K, committed 10048K, reserved 1048576K
}
Event: 2731.636 GC heap before
{Heap before GC invocations=115 (full 0):
 garbage-first heap   total 139264K, used 111165K [0x00000006c1c00000, 0x0000000800000000)
  region size 4096K, 14 young (57344K), 1 survivors (4096K)
 Metaspace       used 76761K, committed 77312K, reserved 1122304K
  class space    used 9747K, committed 10048K, reserved 1048576K
}
Event: 2731.637 GC heap after
{Heap after GC invocations=116 (full 0):
 garbage-first heap   total 139264K, used 57498K [0x00000006c1c00000, 0x0000000800000000)
  region size 4096K, 1 young (4096K), 1 survivors (4096K)
 Metaspace       used 76761K, committed 77312K, reserved 1122304K
  class space    used 9747K, committed 10048K, reserved 1048576K
}
Event: 2758.740 GC heap before
{Heap before GC invocations=116 (full 0):
 garbage-first heap   total 139264K, used 110746K [0x00000006c1c00000, 0x0000000800000000)
  region size 4096K, 14 young (57344K), 1 survivors (4096K)
 Metaspace       used 76780K, committed 77376K, reserved 1122304K
  class space    used 9747K, committed 10048K, reserved 1048576K
}
Event: 2758.742 GC heap after
{Heap after GC invocations=117 (full 0):
 garbage-first heap   total 139264K, used 57812K [0x00000006c1c00000, 0x0000000800000000)
  region size 4096K, 1 young (4096K), 1 survivors (4096K)
 Metaspace       used 76780K, committed 77376K, reserved 1122304K
  class space    used 9747K, committed 10048K, reserved 1048576K
}
Event: 2783.957 GC heap before
{Heap before GC invocations=117 (full 0):
 garbage-first heap   total 139264K, used 111060K [0x00000006c1c00000, 0x0000000800000000)
  region size 4096K, 14 young (57344K), 1 survivors (4096K)
 Metaspace       used 76850K, committed 77504K, reserved 1122304K
  class space    used 9747K, committed 10048K, reserved 1048576K
}
Event: 2783.959 GC heap after
{Heap after GC invocations=118 (full 0):
 garbage-first heap   total 139264K, used 57307K [0x00000006c1c00000, 0x0000000800000000)
  region size 4096K, 1 young (4096K), 1 survivors (4096K)
 Metaspace       used 76850K, committed 77504K, reserved 1122304K
  class space    used 9747K, committed 10048K, reserved 1048576K
}
Event: 2810.587 GC heap before
{Heap before GC invocations=118 (full 0):
 garbage-first heap   total 139264K, used 110555K [0x00000006c1c00000, 0x0000000800000000)
  region size 4096K, 14 young (57344K), 1 survivors (4096K)
 Metaspace       used 76853K, committed 77504K, reserved 1122304K
  class space    used 9747K, committed 10048K, reserved 1048576K
}
Event: 2810.589 GC heap after
{Heap after GC invocations=119 (full 0):
 garbage-first heap   total 139264K, used 57815K [0x00000006c1c00000, 0x0000000800000000)
  region size 4096K, 1 young (4096K), 1 survivors (4096K)
 Metaspace       used 76853K, committed 77504K, reserved 1122304K
  class space    used 9747K, committed 10048K, reserved 1048576K
}

